<?xml version="1.0" encoding="UTF-8"?>
<!-- Generated by org.testng.reporters.JUnitReportReporter -->
<testsuite hostname="DESKTOP-4RRUL9Q" failures="0" tests="1" name="com.godEShop.Register.RegisterTest" time="18.224" errors="0" timestamp="28 Jun 2022 14:56:45 GMT" skipped="0">
  <testcase classname="com.godEShop.Register.RegisterTest" name="LoginRegistration" time="18.224"/>
</testsuite> <!-- com.godEShop.Register.RegisterTest -->
