<?xml version="1.0" encoding="UTF-8"?>
<!-- Generated by org.testng.reporters.JUnitReportReporter -->
<<<<<<< HEAD
<testsuite hostname="NghiaTran" failures="0" tests="1" name="com.godEShop.Register.RegisterTest" time="22.018" errors="0" timestamp="28 Jun 2022 13:55:16 GMT" skipped="0">
  <testcase classname="com.godEShop.Register.RegisterTest" name="RegistrationTest" time="22.018"/>
=======
<testsuite hostname="DESKTOP-4RRUL9Q" failures="0" tests="1" name="com.godEShop.Register.RegisterTest" time="22.165" errors="0" timestamp="28 Jun 2022 14:03:53 GMT" skipped="0">
  <testcase classname="com.godEShop.Register.RegisterTest" name="LoginRegistration" time="22.165"/>
>>>>>>> 14c7a97cd160800a6fb1890fb4e1c5d647706455
</testsuite> <!-- com.godEShop.Register.RegisterTest -->
