<?xml version="1.0" encoding="UTF-8"?>
<!-- Generated by org.testng.reporters.JUnitReportReporter -->
<testsuite hostname="NghiaTran" failures="0" tests="1" name="com.godEShop.Login.LoginTest" time="34.433" errors="0" timestamp="26 thg 6 2022 12:46:42 GMT" skipped="0">
  <testcase classname="com.godEShop.Login.LoginTest" name="LoginTest" time="34.433"/>
</testsuite> <!-- com.godEShop.Login.LoginTest -->
