<?xml version="1.0" encoding="UTF-8"?>
<!-- Generated by org.testng.reporters.JUnitReportReporter -->
<testsuite hostname="NghiaTran" failures="0" tests="1" name="com.godEShop.Register.RegisterTest" time="22.018" errors="0" timestamp="28 Jun 2022 13:55:16 GMT" skipped="0">
  <testcase classname="com.godEShop.Register.RegisterTest" name="RegistrationTest" time="22.018"/>
</testsuite> <!-- com.godEShop.Register.RegisterTest -->
