<?xml version="1.0" encoding="UTF-8"?>
<!-- Generated by org.testng.reporters.JUnitReportReporter -->
<testsuite hostname="DESKTOP-4RRUL9Q" failures="0" tests="1" name="com.godEShop.Register.RegisterTest" time="17.296" errors="0" timestamp="07 Jul 2022 13:01:52 GMT" skipped="0">
  <testcase classname="com.godEShop.Register.RegisterTest" name="LoginRegistration" time="17.296"/>
</testsuite> <!-- com.godEShop.Register.RegisterTest -->
